<?xml version="1.0" encoding="UTF-8"?>
<!-- Generated by org.testng.reporters.JUnitXMLReporter -->
<testsuite ignored="0" hostname="Soundarya" failures="0" tests="4" name="LoginApplication" time="22.837" errors="0" timestamp="2024-01-28T21:09:38 IST">
  <testcase classname="data_Provider.Login" name="LoginData" time="8.056"/>
  <testcase classname="data_Provider.Login" name="LoginData" time="5.831"/>
  <testcase classname="data_Provider.Login" name="LoginData" time="4.509"/>
  <testcase classname="data_Provider.Login" name="LoginData" time="4.376"/>
</testsuite> <!-- LoginApplication -->
