<?xml version="1.0" encoding="UTF-8"?>
<testng-results ignored="0" total="4" passed="4" failed="0" skipped="0">
  <reporter-output>
  </reporter-output>
  <suite started-at="2024-02-03T12:10:23 IST" name="Default suite" finished-at="2024-02-03T12:10:39 IST" duration-ms="15292">
    <groups>
    </groups>
    <test started-at="2024-02-03T12:10:23 IST" name="Default test" finished-at="2024-02-03T12:10:39 IST" duration-ms="15292">
      <class name="data_Provider.Login_Excel">
        <test-method is-config="true" signature="beforeTest()[pri:0, instance:data_Provider.Login_Excel@4218d6a3]" started-at="2024-02-03T12:10:23 IST" name="beforeTest" finished-at="2024-02-03T12:10:25 IST" duration-ms="1712" status="PASS">
          <reporter-output>
          </reporter-output>
        </test-method> <!-- beforeTest -->
        <test-method signature="loginData(java.lang.String,java.lang.String)[pri:0, instance:data_Provider.Login_Excel@4218d6a3]" started-at="2024-02-03T12:10:25 IST" name="loginData" data-provider="loginData" finished-at="2024-02-03T12:10:30 IST" duration-ms="4464" status="PASS">
          <params>
            <param index="0">
              <value>
                <![CDATA[practice]]>
              </value>
            </param>
            <param index="1">
              <value>
                <![CDATA[dummy]]>
              </value>
            </param>
          </params>
          <reporter-output>
          </reporter-output>
        </test-method> <!-- loginData -->
        <test-method signature="loginData(java.lang.String,java.lang.String)[pri:0, instance:data_Provider.Login_Excel@4218d6a3]" started-at="2024-02-03T12:10:30 IST" name="loginData" data-provider="loginData" finished-at="2024-02-03T12:10:33 IST" duration-ms="2829" status="PASS">
          <params>
            <param index="0">
              <value>
                <![CDATA[practice1]]>
              </value>
            </param>
            <param index="1">
              <value>
                <![CDATA[SuperSecretPassword!]]>
              </value>
            </param>
          </params>
          <reporter-output>
          </reporter-output>
        </test-method> <!-- loginData -->
        <test-method signature="loginData(java.lang.String,java.lang.String)[pri:0, instance:data_Provider.Login_Excel@4218d6a3]" started-at="2024-02-03T12:10:33 IST" name="loginData" data-provider="loginData" finished-at="2024-02-03T12:10:35 IST" duration-ms="2851" status="PASS">
          <params>
            <param index="0">
              <value>
                <![CDATA[practice1]]>
              </value>
            </param>
            <param index="1">
              <value>
                <![CDATA[dummy]]>
              </value>
            </param>
          </params>
          <reporter-output>
          </reporter-output>
        </test-method> <!-- loginData -->
        <test-method signature="loginData(java.lang.String,java.lang.String)[pri:0, instance:data_Provider.Login_Excel@4218d6a3]" started-at="2024-02-03T12:10:35 IST" name="loginData" data-provider="loginData" finished-at="2024-02-03T12:10:39 IST" duration-ms="3065" status="PASS">
          <params>
            <param index="0">
              <value>
                <![CDATA[practice]]>
              </value>
            </param>
            <param index="1">
              <value>
                <![CDATA[SuperSecretPassword!]]>
              </value>
            </param>
          </params>
          <reporter-output>
          </reporter-output>
        </test-method> <!-- loginData -->
        <test-method is-config="true" signature="afterTest()[pri:0, instance:data_Provider.Login_Excel@4218d6a3]" started-at="2024-02-03T12:10:39 IST" name="afterTest" finished-at="2024-02-03T12:10:39 IST" duration-ms="217" status="PASS">
          <reporter-output>
          </reporter-output>
        </test-method> <!-- afterTest -->
      </class> <!-- data_Provider.Login_Excel -->
    </test> <!-- Default test -->
  </suite> <!-- Default suite -->
</testng-results>
